2019-12-20 22:15:16,787 [main] INFO : Writing from dynamic config#InternalServiceFile
2019-12-20 22:15:16,803 [main] DEBUG: debug Writing from dynamic config#InternalServiceFile
2019-12-20 22:15:16,803 [main] WARN : warn Writing from dynamic config#InternalServiceFile
2019-12-20 22:15:16,803 [main] ERROR: error Writing from dynamic config#InternalServiceFile
2019-12-20 22:15:16,803 [main] INFO : 770f77a4-8917-4658-b46f-d2c6b01c4e96#Hi am log 1#internalservice#0
2019-12-20 22:15:16,803 [main] INFO : e837852b-c624-4663-b7d8-5a16e62081b5#Hi am log 1#internalservice#1
2019-12-20 22:15:16,803 [main] INFO : 9de3ffea-ac7d-484c-969d-c31574d1cb7f#Hi am log 1#internalservice#2
2019-12-20 22:15:16,803 [main] INFO : 448b189c-47aa-4af9-bbd8-33c8e3650917#Hi am log 1#internalservice#3
2019-12-20 22:15:16,803 [main] INFO : e732105d-0e37-4fef-b3b3-e0342f5f7a89#Hi am log 1#internalservice#4
2019-12-20 22:15:16,803 [main] INFO : 63fccc48-1bc3-4aab-8ffc-b389d08df146#Hi am log 1#internalservice#5
2019-12-20 22:15:16,803 [main] INFO : aa406105-4a36-4726-870b-88ae20922f2c#Hi am log 1#internalservice#6
2019-12-20 22:15:16,803 [main] INFO : 732d8a3a-820d-4526-8872-5d144d52968a#Hi am log 1#internalservice#7
2019-12-20 22:15:16,803 [main] INFO : fca3c5b0-6314-49bd-b0ee-f424d5588cb3#Hi am log 1#internalservice#8
2019-12-20 22:15:16,803 [main] INFO : 6705086d-9be8-4bbf-8b9e-aeb4c85a5f92#Hi am log 1#internalservice#9
2019-12-20 22:15:16,803 [main] INFO : 30a217fe-e43d-43d2-bf8e-b2f809c0ea83#Hi am log 1#internalservice#10
2019-12-20 22:15:16,803 [main] INFO : 6dd9132f-46e3-41db-ac56-6735cdc273a1#Hi am log 1#internalservice#11
2019-12-20 22:15:16,803 [main] INFO : ddbd53ea-2153-469e-a80b-d56982cca8c6#Hi am log 1#internalservice#12
2019-12-20 22:15:16,819 [main] INFO : d8cf0cc8-f4d0-4876-823f-734aac9bfbaa#Hi am log 1#internalservice#13
2019-12-20 22:15:16,819 [main] INFO : a378fde6-dab5-4393-baf2-5b01f6464996#Hi am log 1#internalservice#14
2019-12-20 22:15:16,819 [main] INFO : 4681326a-7bd7-423a-8bef-99b9574d0a95#Hi am log 1#internalservice#15
